{"level":"info","message":"Welcome to the Acquisitions API","service":"acquisitions-api","timestamp":"2026-02-11T10:59:57.204Z"}
{"level":"info","message":"::1 - - [11/Feb/2026:10:59:57 +0000] \"GET / HTTP/1.1\" 200 45 \"-\" \"Mozilla/5.0 (Windows NT 10.0; Win64; x64) AppleWebKit/537.36 (KHTML, like Gecko) Chrome/144.0.0.0 Safari/537.36\"","service":"acquisitions-api","timestamp":"2026-02-11T10:59:57.219Z"}
{"level":"info","message":"Welcome to the Acquisitions API","service":"acquisitions-api","timestamp":"2026-02-11T11:00:00.564Z"}
{"level":"info","message":"::1 - - [11/Feb/2026:11:00:00 +0000] \"GET / HTTP/1.1\" 304 - \"-\" \"Mozilla/5.0 (Windows NT 10.0; Win64; x64) AppleWebKit/537.36 (KHTML, like Gecko) Chrome/144.0.0.0 Safari/537.36\"","service":"acquisitions-api","timestamp":"2026-02-11T11:00:00.568Z"}
{"level":"info","message":"::1 - - [11/Feb/2026:11:03:31 +0000] \"GET /auth/sign-up HTTP/1.1\" 404 21 \"-\" \"Mozilla/5.0 (Windows NT 10.0; Win64; x64) AppleWebKit/537.36 (KHTML, like Gecko) Chrome/144.0.0.0 Safari/537.36\"","service":"acquisitions-api","timestamp":"2026-02-11T11:03:31.529Z"}
{"level":"info","message":"::1 - - [11/Feb/2026:11:03:42 +0000] \"GET /api/auth/sign-up HTTP/1.1\" 404 21 \"-\" \"Mozilla/5.0 (Windows NT 10.0; Win64; x64) AppleWebKit/537.36 (KHTML, like Gecko) Chrome/144.0.0.0 Safari/537.36\"","service":"acquisitions-api","timestamp":"2026-02-11T11:03:42.213Z"}
{"level":"info","message":"::1 - - [11/Feb/2026:11:03:44 +0000] \"GET /api/auth/sign-up HTTP/1.1\" 404 21 \"-\" \"Mozilla/5.0 (Windows NT 10.0; Win64; x64) AppleWebKit/537.36 (KHTML, like Gecko) Chrome/144.0.0.0 Safari/537.36\"","service":"acquisitions-api","timestamp":"2026-02-11T11:03:44.871Z"}
{"level":"info","message":"::1 - - [11/Feb/2026:11:12:25 +0000] \"POST /api/auth/sign-in HTTP/1.1\" 404 21 \"-\" \"HTTPie\"","service":"acquisitions-api","timestamp":"2026-02-11T11:12:25.612Z"}
{"level":"info","message":"::1 - - [11/Feb/2026:11:12:46 +0000] \"POST /api/auth/sign-in HTTP/1.1\" 404 21 \"-\" \"HTTPie\"","service":"acquisitions-api","timestamp":"2026-02-11T11:12:46.760Z"}
{"level":"info","message":"::1 - - [11/Feb/2026:11:13:21 +0000] \"POST /api/auth/signin HTTP/1.1\" 200 20 \"-\" \"HTTPie\"","service":"acquisitions-api","timestamp":"2026-02-11T11:13:21.703Z"}
{"level":"info","message":"::1 - - [11/Feb/2026:11:13:27 +0000] \"POST /api/auth/signup HTTP/1.1\" 200 20 \"-\" \"HTTPie\"","service":"acquisitions-api","timestamp":"2026-02-11T11:13:27.847Z"}
{"level":"info","message":"::1 - - [11/Feb/2026:11:13:31 +0000] \"POST /api/auth/signout HTTP/1.1\" 200 21 \"-\" \"HTTPie\"","service":"acquisitions-api","timestamp":"2026-02-11T11:13:31.236Z"}
{"level":"error","message":"Error in signUp Cannot destructure property 'name' of 'req.body' as it is undefined.","service":"acquisitions-api","stack":"TypeError: Cannot destructure property 'name' of 'req.body' as it is undefined.\n    at signup (file:///D:/learning/acquisitions/src/controllers/auth.controller.js:5:16)\n    at Layer.handleRequest (D:\\learning\\acquisitions\\node_modules\\router\\lib\\layer.js:152:17)\n    at next (D:\\learning\\acquisitions\\node_modules\\router\\lib\\route.js:157:13)\n    at Route.dispatch (D:\\learning\\acquisitions\\node_modules\\router\\lib\\route.js:117:3)\n    at handle (D:\\learning\\acquisitions\\node_modules\\router\\index.js:435:11)\n    at Layer.handleRequest (D:\\learning\\acquisitions\\node_modules\\router\\lib\\layer.js:152:17)\n    at D:\\learning\\acquisitions\\node_modules\\router\\index.js:295:15\n    at processParams (D:\\learning\\acquisitions\\node_modules\\router\\index.js:582:12)\n    at next (D:\\learning\\acquisitions\\node_modules\\router\\index.js:291:5)\n    at Function.handle (D:\\learning\\acquisitions\\node_modules\\router\\index.js:186:3)","timestamp":"2026-02-11T11:54:48.596Z"}
{"level":"info","message":"::1 - - [11/Feb/2026:11:54:48 +0000] \"POST /api/auth/signup HTTP/1.1\" 500 35 \"-\" \"HTTPie\"","service":"acquisitions-api","timestamp":"2026-02-11T11:54:48.621Z"}
{"level":"error","message":"Error in signUp signUpSchema is not defined","service":"acquisitions-api","stack":"ReferenceError: signUpSchema is not defined\n    at signup (file:///D:/learning/acquisitions/src/controllers/auth.controller.js:5:28)\n    at Layer.handleRequest (D:\\learning\\acquisitions\\node_modules\\router\\lib\\layer.js:152:17)\n    at next (D:\\learning\\acquisitions\\node_modules\\router\\lib\\route.js:157:13)\n    at Route.dispatch (D:\\learning\\acquisitions\\node_modules\\router\\lib\\route.js:117:3)\n    at handle (D:\\learning\\acquisitions\\node_modules\\router\\index.js:435:11)\n    at Layer.handleRequest (D:\\learning\\acquisitions\\node_modules\\router\\lib\\layer.js:152:17)\n    at D:\\learning\\acquisitions\\node_modules\\router\\index.js:295:15\n    at processParams (D:\\learning\\acquisitions\\node_modules\\router\\index.js:582:12)\n    at next (D:\\learning\\acquisitions\\node_modules\\router\\index.js:291:5)\n    at Function.handle (D:\\learning\\acquisitions\\node_modules\\router\\index.js:186:3)","timestamp":"2026-02-11T11:55:52.497Z"}
{"level":"info","message":"::1 - - [11/Feb/2026:11:55:52 +0000] \"POST /api/auth/signup HTTP/1.1\" 500 35 \"-\" \"HTTPie\"","service":"acquisitions-api","timestamp":"2026-02-11T11:55:52.521Z"}
{"level":"info","message":"::1 - - [11/Feb/2026:11:56:12 +0000] \"POST /api/auth/signup HTTP/1.1\" 400 59 \"-\" \"HTTPie\"","service":"acquisitions-api","timestamp":"2026-02-11T11:56:12.238Z"}
{"level":"info","message":"::1 - - [11/Feb/2026:11:57:06 +0000] \"POST /api/auth/signup HTTP/1.1\" 400 59 \"-\" \"HTTPie\"","service":"acquisitions-api","timestamp":"2026-02-11T11:57:06.299Z"}
{"level":"info","message":"::1 - - [11/Feb/2026:11:59:57 +0000] \"POST /api/auth/signup HTTP/1.1\" 400 92 \"-\" \"HTTPie\"","service":"acquisitions-api","timestamp":"2026-02-11T11:59:57.181Z"}
{"level":"info","message":"::1 - - [11/Feb/2026:12:00:30 +0000] \"POST /api/auth/signup?name+=Dino&email=sfsef&password=esfesf HTTP/1.1\" 400 92 \"-\" \"HTTPie\"","service":"acquisitions-api","timestamp":"2026-02-11T12:00:30.511Z"}
{"level":"info","message":"::1 - - [11/Feb/2026:12:01:04 +0000] \"POST /api/auth/signup?name+=Dino&email=sfsef&password=esfesf HTTP/1.1\" 400 115 \"-\" \"HTTPie\"","service":"acquisitions-api","timestamp":"2026-02-11T12:01:04.283Z"}
{"level":"info","message":"::1 - - [11/Feb/2026:12:01:11 +0000] \"POST /api/auth/signup?name+=Dino&email=sfsef&password=esfesf HTTP/1.1\" 400 92 \"-\" \"HTTPie\"","service":"acquisitions-api","timestamp":"2026-02-11T12:01:11.700Z"}
{"level":"info","message":"::1 - - [11/Feb/2026:12:01:18 +0000] \"POST /api/auth/signup?name+=Dino&email=sfsef&password=esfesf HTTP/1.1\" 400 92 \"-\" \"HTTPie\"","service":"acquisitions-api","timestamp":"2026-02-11T12:01:18.349Z"}
{"level":"info","message":"::1 - - [11/Feb/2026:12:01:40 +0000] \"POST /api/auth/signup?name+=Dino&email=sfsef&password=esfesf HTTP/1.1\" 400 92 \"-\" \"HTTPie\"","service":"acquisitions-api","timestamp":"2026-02-11T12:01:40.329Z"}
{"level":"info","message":"::1 - - [11/Feb/2026:12:02:03 +0000] \"POST /api/auth/signup?name+=Dino&email=sfsef&password=esfesf HTTP/1.1\" 400 92 \"-\" \"HTTPie\"","service":"acquisitions-api","timestamp":"2026-02-11T12:02:03.820Z"}
{"level":"info","message":"::1 - - [11/Feb/2026:12:02:17 +0000] \"POST /api/auth/signup?name+=Dino&email=sfsef&password=esfesf HTTP/1.1\" 400 92 \"-\" \"HTTPie\"","service":"acquisitions-api","timestamp":"2026-02-11T12:02:17.236Z"}
{"level":"info","message":"::1 - - [11/Feb/2026:12:02:48 +0000] \"POST /api/auth/signup?name+=Dino&email=sfsef&password=esfesf HTTP/1.1\" 200 130 \"-\" \"HTTPie\"","service":"acquisitions-api","timestamp":"2026-02-11T12:02:48.008Z"}
{"level":"error","message":"Error in signUp logger is not defined","service":"acquisitions-api","stack":"ReferenceError: logger is not defined\n    at CreateUser (file:///D:/learning/acquisitions/src/services/auth.service.js:42:9)\n    at process.processTicksAndRejections (node:internal/process/task_queues:105:5)\n    at async signup (file:///D:/learning/acquisitions/src/controllers/auth.controller.js:15:22)","timestamp":"2026-02-11T12:13:12.934Z"}
{"level":"info","message":"::1 - - [11/Feb/2026:12:13:12 +0000] \"POST /api/auth/signup?name+=Dino&email=sfsef&password=esfesf HTTP/1.1\" 500 35 \"-\" \"HTTPie\"","service":"acquisitions-api","timestamp":"2026-02-11T12:13:12.943Z"}
{"level":"error","message":"Error hashing password bcrypt is not defined","service":"acquisitions-api","stack":"ReferenceError: bcrypt is not defined\n    at hashPassword (file:///D:/learning/acquisitions/src/services/auth.service.js:7:9)\n    at CreateUser (file:///D:/learning/acquisitions/src/services/auth.service.js:31:38)\n    at signup (file:///D:/learning/acquisitions/src/controllers/auth.controller.js:15:28)\n    at Layer.handleRequest (D:\\learning\\acquisitions\\node_modules\\router\\lib\\layer.js:152:17)\n    at next (D:\\learning\\acquisitions\\node_modules\\router\\lib\\route.js:157:13)\n    at Route.dispatch (D:\\learning\\acquisitions\\node_modules\\router\\lib\\route.js:117:3)\n    at handle (D:\\learning\\acquisitions\\node_modules\\router\\index.js:435:11)\n    at Layer.handleRequest (D:\\learning\\acquisitions\\node_modules\\router\\lib\\layer.js:152:17)\n    at D:\\learning\\acquisitions\\node_modules\\router\\index.js:295:15\n    at processParams (D:\\learning\\acquisitions\\node_modules\\router\\index.js:582:12)","timestamp":"2026-02-11T12:13:46.858Z"}
{"level":"error","message":"Error creating user Error: Error hashing password","service":"acquisitions-api","timestamp":"2026-02-11T12:13:46.872Z"}
{"level":"error","message":"Error in signUp Error creating user","service":"acquisitions-api","stack":"Error: Error creating user\n    at CreateUser (file:///D:/learning/acquisitions/src/services/auth.service.js:44:15)\n    at process.processTicksAndRejections (node:internal/process/task_queues:105:5)\n    at async signup (file:///D:/learning/acquisitions/src/controllers/auth.controller.js:15:22)","timestamp":"2026-02-11T12:13:46.874Z"}
{"level":"info","message":"::1 - - [11/Feb/2026:12:13:46 +0000] \"POST /api/auth/signup?name+=Dino&email=sfsef&password=esfesf HTTP/1.1\" 500 35 \"-\" \"HTTPie\"","service":"acquisitions-api","timestamp":"2026-02-11T12:13:46.899Z"}
{"level":"error","message":"Error creating user RangeError: Maximum call stack size exceeded","service":"acquisitions-api","timestamp":"2026-02-11T12:14:21.032Z"}
{"level":"error","message":"Error in signUp Error creating user","service":"acquisitions-api","stack":"Error: Error creating user\n    at CreateUser (file:///D:/learning/acquisitions/src/services/auth.service.js:45:15)\n    at async signup (file:///D:/learning/acquisitions/src/controllers/auth.controller.js:15:22)","timestamp":"2026-02-11T12:14:21.039Z"}
{"level":"info","message":"::1 - - [11/Feb/2026:12:14:21 +0000] \"POST /api/auth/signup?name+=Dino&email=sfsef&password=esfesf HTTP/1.1\" 500 35 \"-\" \"HTTPie\"","service":"acquisitions-api","timestamp":"2026-02-11T12:14:21.056Z"}
{"level":"error","message":"Error creating user Error: Failed query: select \"id\", \"name\", \"email\", \"password\", \"role\", \"createdAt\", \"updatedAt\" from \"users\" where $1 limit $2\nparams: [object Object],1","service":"acquisitions-api","timestamp":"2026-02-11T12:17:13.418Z"}
{"level":"error","message":"Error in signUp Error creating user","service":"acquisitions-api","stack":"Error: Error creating user\n    at CreateUser (file:///D:/learning/acquisitions/src/services/auth.service.js:45:15)\n    at process.processTicksAndRejections (node:internal/process/task_queues:105:5)\n    at async signup (file:///D:/learning/acquisitions/src/controllers/auth.controller.js:15:22)","timestamp":"2026-02-11T12:17:13.425Z"}
{"level":"info","message":"::1 - - [11/Feb/2026:12:17:13 +0000] \"POST /api/auth/signup?name+=Dino&email=sfsef&password=esfesf HTTP/1.1\" 500 35 \"-\" \"HTTPie\"","service":"acquisitions-api","timestamp":"2026-02-11T12:17:13.432Z"}
{"level":"info","message":"User fsefsef@gmail.com created successfully","service":"acquisitions-api","timestamp":"2026-02-11T12:18:24.469Z"}
{"level":"info","message":"::1 - - [11/Feb/2026:12:18:24 +0000] \"POST /api/auth/signup?name+=Dino&email=sfsef&password=esfesf HTTP/1.1\" 200 154 \"-\" \"HTTPie\"","service":"acquisitions-api","timestamp":"2026-02-11T12:18:24.479Z"}
{"level":"info","message":"::1 - - [11/Feb/2026:12:26:32 +0000] \"POST /api/auth/signin?email=sfsef&password=esfesf HTTP/1.1\" 200 183 \"-\" \"HTTPie\"","service":"acquisitions-api","timestamp":"2026-02-11T12:26:32.857Z"}
{"level":"info","message":"::1 - - [11/Feb/2026:12:27:10 +0000] \"POST /api/auth/signout?email=sfsef&password=esfesf HTTP/1.1\" 200 33 \"-\" \"HTTPie\"","service":"acquisitions-api","timestamp":"2026-02-11T12:27:10.973Z"}
{"level":"info","message":"Welcome to the Acquisitions API","service":"acquisitions-api","timestamp":"2026-02-11T14:19:55.624Z"}
{"level":"info","message":"::1 - - [11/Feb/2026:14:19:55 +0000] \"GET / HTTP/1.1\" 200 45 \"-\" \"HTTPie\"","service":"acquisitions-api","timestamp":"2026-02-11T14:19:55.663Z"}
{"level":"info","message":"hello","service":"acquisitions-api","timestamp":"2026-02-11T14:19:59.372Z"}
{"level":"info","message":"::1 - - [11/Feb/2026:14:19:59 +0000] \"GET /health HTTP/1.1\" 200 74 \"-\" \"HTTPie\"","service":"acquisitions-api","timestamp":"2026-02-11T14:19:59.377Z"}
{"level":"info","message":"::1 - - [11/Feb/2026:14:20:21 +0000] \"POST /api/auth/signin?email=sfsef&password=esfesf HTTP/1.1\" 200 183 \"-\" \"HTTPie\"","service":"acquisitions-api","timestamp":"2026-02-11T14:20:21.135Z"}
{"level":"error","message":"Error creating user Error: User already exists","service":"acquisitions-api","timestamp":"2026-02-11T14:20:27.539Z"}
{"level":"error","message":"Error in signUp Error creating user","service":"acquisitions-api","stack":"Error: Error creating user\n    at CreateUser (file:///D:/learning/acquisitions/src/services/auth.service.js:46:15)\n    at process.processTicksAndRejections (node:internal/process/task_queues:105:5)\n    at async signup (file:///D:/learning/acquisitions/src/controllers/auth.controller.js:15:22)","timestamp":"2026-02-11T14:20:27.549Z"}
{"level":"info","message":"::1 - - [11/Feb/2026:14:20:27 +0000] \"POST /api/auth/signup?name+=Dino&email=sfsef&password=esfesf HTTP/1.1\" 500 35 \"-\" \"HTTPie\"","service":"acquisitions-api","timestamp":"2026-02-11T14:20:27.552Z"}
{"level":"error","message":"Error creating user Error: User already exists","service":"acquisitions-api","timestamp":"2026-02-11T14:21:15.063Z"}
{"level":"error","message":"Error in signUp Error creating user","service":"acquisitions-api","stack":"Error: Error creating user\n    at CreateUser (file:///D:/learning/acquisitions/src/services/auth.service.js:46:15)\n    at process.processTicksAndRejections (node:internal/process/task_queues:105:5)\n    at async signup (file:///D:/learning/acquisitions/src/controllers/auth.controller.js:15:22)","timestamp":"2026-02-11T14:21:15.066Z"}
{"level":"info","message":"::1 - - [11/Feb/2026:14:21:15 +0000] \"POST /api/auth/signup?name+=Dino&email=sfsef&password=esfesf HTTP/1.1\" 500 65 \"-\" \"HTTPie\"","service":"acquisitions-api","timestamp":"2026-02-11T14:21:15.085Z"}
{"level":"error","message":"Error creating user Error: User already exists","service":"acquisitions-api","timestamp":"2026-02-11T14:21:27.656Z"}
{"level":"error","message":"Error in signUp Error creating user","service":"acquisitions-api","stack":"Error: Error creating user\n    at CreateUser (file:///D:/learning/acquisitions/src/services/auth.service.js:46:15)\n    at process.processTicksAndRejections (node:internal/process/task_queues:105:5)\n    at async signup (file:///D:/learning/acquisitions/src/controllers/auth.controller.js:15:22)","timestamp":"2026-02-11T14:21:27.670Z"}
{"level":"info","message":"::1 - - [11/Feb/2026:14:21:27 +0000] \"POST /api/auth/signup?name+=Dino&email=sfsef&password=esfesf HTTP/1.1\" 500 46 \"-\" \"HTTPie\"","service":"acquisitions-api","timestamp":"2026-02-11T14:21:27.688Z"}
{"level":"error","message":"Error creating user Error: User already exists","service":"acquisitions-api","timestamp":"2026-02-11T14:22:06.964Z"}
{"level":"error","message":"Error in signUp User already exists","service":"acquisitions-api","stack":"Error: User already exists\n    at CreateUser (file:///D:/learning/acquisitions/src/services/auth.service.js:46:15)\n    at process.processTicksAndRejections (node:internal/process/task_queues:105:5)\n    at async signup (file:///D:/learning/acquisitions/src/controllers/auth.controller.js:15:22)","timestamp":"2026-02-11T14:22:06.971Z"}
{"level":"info","message":"::1 - - [11/Feb/2026:14:22:06 +0000] \"POST /api/auth/signup?name+=Dino&email=sfsef&password=esfesf HTTP/1.1\" 500 65 \"-\" \"HTTPie\"","service":"acquisitions-api","timestamp":"2026-02-11T14:22:06.985Z"}
{"level":"info","message":"Welcome to the Acquisitions API","service":"acquisitions-api","timestamp":"2026-02-11T14:22:44.184Z"}
{"level":"info","message":"::1 - - [11/Feb/2026:14:22:44 +0000] \"GET / HTTP/1.1\" 200 45 \"-\" \"HTTPie\"","service":"acquisitions-api","timestamp":"2026-02-11T14:22:44.188Z"}
{"level":"info","message":"Welcome to the Acquisitions API","service":"acquisitions-api","timestamp":"2026-02-11T14:22:44.512Z"}
{"level":"info","message":"::1 - - [11/Feb/2026:14:22:44 +0000] \"GET / HTTP/1.1\" 200 45 \"-\" \"HTTPie\"","service":"acquisitions-api","timestamp":"2026-02-11T14:22:44.515Z"}
{"level":"info","message":"Welcome to the Acquisitions API","service":"acquisitions-api","timestamp":"2026-02-11T14:22:44.747Z"}
{"level":"info","message":"::1 - - [11/Feb/2026:14:22:44 +0000] \"GET / HTTP/1.1\" 200 45 \"-\" \"HTTPie\"","service":"acquisitions-api","timestamp":"2026-02-11T14:22:44.751Z"}
{"level":"info","message":"Welcome to the Acquisitions API","service":"acquisitions-api","timestamp":"2026-02-11T14:22:45.047Z"}
{"level":"info","message":"::1 - - [11/Feb/2026:14:22:45 +0000] \"GET / HTTP/1.1\" 200 45 \"-\" \"HTTPie\"","service":"acquisitions-api","timestamp":"2026-02-11T14:22:45.050Z"}
{"ip":"::1","level":"warn","message":"Rate limit exceeded","service":"acquisitions-api","timestamp":"2026-02-11T14:22:45.394Z","userAgent":"HTTPie"}
{"level":"info","message":"::1 - - [11/Feb/2026:14:22:45 +0000] \"GET / HTTP/1.1\" 403 39 \"-\" \"HTTPie\"","service":"acquisitions-api","timestamp":"2026-02-11T14:22:45.398Z"}
{"ip":"::1","level":"warn","message":"Rate limit exceeded","service":"acquisitions-api","timestamp":"2026-02-11T14:22:45.508Z","userAgent":"HTTPie"}
{"level":"info","message":"::1 - - [11/Feb/2026:14:22:45 +0000] \"GET / HTTP/1.1\" 403 39 \"-\" \"HTTPie\"","service":"acquisitions-api","timestamp":"2026-02-11T14:22:45.509Z"}
{"ip":"::1","level":"warn","message":"Rate limit exceeded","service":"acquisitions-api","timestamp":"2026-02-11T14:22:45.631Z","userAgent":"HTTPie"}
{"level":"info","message":"::1 - - [11/Feb/2026:14:22:45 +0000] \"GET / HTTP/1.1\" 403 39 \"-\" \"HTTPie\"","service":"acquisitions-api","timestamp":"2026-02-11T14:22:45.634Z"}
{"ip":"::1","level":"warn","message":"Rate limit exceeded","service":"acquisitions-api","timestamp":"2026-02-11T14:22:45.888Z","userAgent":"HTTPie"}
{"level":"info","message":"::1 - - [11/Feb/2026:14:22:45 +0000] \"GET / HTTP/1.1\" 403 39 \"-\" \"HTTPie\"","service":"acquisitions-api","timestamp":"2026-02-11T14:22:45.892Z"}
{"ip":"::1","level":"warn","message":"Rate limit exceeded","service":"acquisitions-api","timestamp":"2026-02-11T14:22:46.052Z","userAgent":"HTTPie"}
{"level":"info","message":"::1 - - [11/Feb/2026:14:22:46 +0000] \"GET / HTTP/1.1\" 403 39 \"-\" \"HTTPie\"","service":"acquisitions-api","timestamp":"2026-02-11T14:22:46.056Z"}
{"level":"info","message":"Welcome to the Acquisitions API","service":"acquisitions-api","timestamp":"2026-02-11T14:23:31.428Z"}
{"level":"info","message":"::1 - - [11/Feb/2026:14:23:31 +0000] \"GET / HTTP/1.1\" 200 45 \"-\" \"HTTPie\"","service":"acquisitions-api","timestamp":"2026-02-11T14:23:31.438Z"}
{"level":"info","message":"Welcome to the Acquisitions API","service":"acquisitions-api","timestamp":"2026-02-11T14:23:32.203Z"}
{"level":"info","message":"::1 - - [11/Feb/2026:14:23:32 +0000] \"GET / HTTP/1.1\" 200 45 \"-\" \"HTTPie\"","service":"acquisitions-api","timestamp":"2026-02-11T14:23:32.206Z"}
{"level":"info","message":"Welcome to the Acquisitions API","service":"acquisitions-api","timestamp":"2026-02-11T14:23:32.433Z"}
{"level":"info","message":"::1 - - [11/Feb/2026:14:23:32 +0000] \"GET / HTTP/1.1\" 200 45 \"-\" \"HTTPie\"","service":"acquisitions-api","timestamp":"2026-02-11T14:23:32.435Z"}
{"ip":"::1","level":"warn","message":"Rate limit exceeded","service":"acquisitions-api","timestamp":"2026-02-11T14:23:32.958Z","userAgent":"HTTPie"}
{"level":"info","message":"::1 - - [11/Feb/2026:14:23:32 +0000] \"GET / HTTP/1.1\" 403 59 \"-\" \"HTTPie\"","service":"acquisitions-api","timestamp":"2026-02-11T14:23:32.963Z"}
{"ip":"::1","level":"warn","message":"Rate limit exceeded","service":"acquisitions-api","timestamp":"2026-02-11T14:23:33.068Z","userAgent":"HTTPie"}
{"level":"info","message":"::1 - - [11/Feb/2026:14:23:33 +0000] \"GET / HTTP/1.1\" 403 59 \"-\" \"HTTPie\"","service":"acquisitions-api","timestamp":"2026-02-11T14:23:33.072Z"}
{"ip":"::1","level":"warn","message":"Rate limit exceeded","service":"acquisitions-api","timestamp":"2026-02-11T14:23:33.267Z","userAgent":"HTTPie"}
{"level":"info","message":"::1 - - [11/Feb/2026:14:23:33 +0000] \"GET / HTTP/1.1\" 403 59 \"-\" \"HTTPie\"","service":"acquisitions-api","timestamp":"2026-02-11T14:23:33.270Z"}
{"ip":"::1","level":"warn","message":"Rate limit exceeded","service":"acquisitions-api","timestamp":"2026-02-11T14:23:33.499Z","userAgent":"HTTPie"}
{"level":"info","message":"::1 - - [11/Feb/2026:14:23:33 +0000] \"GET / HTTP/1.1\" 403 59 \"-\" \"HTTPie\"","service":"acquisitions-api","timestamp":"2026-02-11T14:23:33.502Z"}
{"level":"error","message":"Error getting all users: Error: Failed query: select \"id\", \"name\", \"email\", \"role\", \"createdAt\", \"updatedAt\" from \"users\"\nparams: ","service":"acquisitions-api","timestamp":"2026-02-11T16:00:17.856Z"}
{"level":"error","message":"Error in getAll users controller: Error: Error getting all users","service":"acquisitions-api","timestamp":"2026-02-11T16:00:17.866Z"}
{"level":"info","message":"127.0.0.1 - - [11/Feb/2026:16:00:17 +0000] \"GET /api/users/ HTTP/1.1\" 500 35 \"-\" \"HTTPie\"","service":"acquisitions-api","timestamp":"2026-02-11T16:00:17.881Z"}
{"level":"info","message":"Welcome to the Acquisitions API","service":"acquisitions-api","timestamp":"2026-02-11T16:21:00.167Z"}
{"level":"info","message":"127.0.0.1 - - [11/Feb/2026:16:21:00 +0000] \"GET / HTTP/1.1\" 200 45 \"-\" \"HTTPie\"","service":"acquisitions-api","timestamp":"2026-02-11T16:21:00.180Z"}
{"level":"info","message":"127.0.0.1 - - [11/Feb/2026:16:21:02 +0000] \"GET /api/users/ HTTP/1.1\" 401 45 \"-\" \"HTTPie\"","service":"acquisitions-api","timestamp":"2026-02-11T16:21:02.552Z"}
{"ip":"127.0.0.1","level":"warn","message":"Rate limit exceeded","service":"acquisitions-api","timestamp":"2026-02-11T16:21:10.708Z","userAgent":"HTTPie"}
{"level":"info","message":"127.0.0.1 - - [11/Feb/2026:16:21:10 +0000] \"POST /api/auth/signin?email=dinoreddy%40gmail.com&password=1234567 HTTP/1.1\" 403 59 \"-\" \"HTTPie\"","service":"acquisitions-api","timestamp":"2026-02-11T16:21:10.713Z"}
{"ip":"127.0.0.1","level":"warn","message":"Rate limit exceeded","service":"acquisitions-api","timestamp":"2026-02-11T16:21:17.614Z","userAgent":"HTTPie"}
{"level":"info","message":"127.0.0.1 - - [11/Feb/2026:16:21:17 +0000] \"POST /api/auth/signin?email=dinoreddy%40gmail.com&password=1234567 HTTP/1.1\" 403 59 \"-\" \"HTTPie\"","service":"acquisitions-api","timestamp":"2026-02-11T16:21:17.638Z"}
{"level":"info","message":"127.0.0.1 - - [11/Feb/2026:16:21:56 +0000] \"POST /api/auth/signin?email=dinoreddy%40gmail.com&password=1234567 HTTP/1.1\" 401 33 \"-\" \"HTTPie\"","service":"acquisitions-api","timestamp":"2026-02-11T16:21:56.111Z"}
{"level":"info","message":"127.0.0.1 - - [11/Feb/2026:16:22:04 +0000] \"GET /api/users/ HTTP/1.1\" 401 45 \"-\" \"HTTPie\"","service":"acquisitions-api","timestamp":"2026-02-11T16:22:04.185Z"}
{"level":"info","message":"hello","service":"acquisitions-api","timestamp":"2026-02-11T16:48:12.020Z"}
{"level":"info","message":"::ffff:127.0.0.1 - - [11/Feb/2026:16:48:12 +0000] \"GET /health HTTP/1.1\" 200 74 \"-\" \"-\"","service":"acquisitions-api","timestamp":"2026-02-11T16:48:12.027Z"}
{"level":"info","message":"hello","service":"acquisitions-api","timestamp":"2026-02-11T16:48:12.034Z"}
{"level":"info","message":"::ffff:127.0.0.1 - - [11/Feb/2026:16:48:12 +0000] \"GET /health HTTP/1.1\" 200 73 \"-\" \"-\"","service":"acquisitions-api","timestamp":"2026-02-11T16:48:12.042Z"}
{"level":"info","message":"Welcome to the Acquisitions API","service":"acquisitions-api","timestamp":"2026-02-11T16:48:12.058Z"}
{"level":"info","message":"::ffff:127.0.0.1 - - [11/Feb/2026:16:48:12 +0000] \"GET / HTTP/1.1\" 200 41 \"-\" \"-\"","service":"acquisitions-api","timestamp":"2026-02-11T16:48:12.059Z"}
{"level":"info","message":"Welcome to the Acquisitions API","service":"acquisitions-api","timestamp":"2026-02-11T16:48:12.073Z"}
{"level":"info","message":"::ffff:127.0.0.1 - - [11/Feb/2026:16:48:12 +0000] \"GET / HTTP/1.1\" 200 41 \"-\" \"-\"","service":"acquisitions-api","timestamp":"2026-02-11T16:48:12.075Z"}
{"level":"info","message":"::ffff:127.0.0.1 - - [11/Feb/2026:16:48:12 +0000] \"GET /not-found HTTP/1.1\" 404 21 \"-\" \"-\"","service":"acquisitions-api","timestamp":"2026-02-11T16:48:12.085Z"}
{"level":"info","message":"::ffff:127.0.0.1 - - [11/Feb/2026:16:48:12 +0000] \"GET /not-found HTTP/1.1\" 404 21 \"-\" \"-\"","service":"acquisitions-api","timestamp":"2026-02-11T16:48:12.103Z"}
